Traceback (most recent call last):
  File "/opt/hostedtoolcache/Python/3.8.12/x64/lib/python3.8/site-packages/jupyter_cache/executors/utils.py", line 51, in single_nb_execution
    executenb(
  File "/opt/hostedtoolcache/Python/3.8.12/x64/lib/python3.8/site-packages/nbclient/client.py", line 1117, in execute
    return NotebookClient(nb=nb, resources=resources, km=km, **kwargs).execute()
  File "/opt/hostedtoolcache/Python/3.8.12/x64/lib/python3.8/site-packages/nbclient/util.py", line 78, in wrapped
    return just_run(coro(*args, **kwargs))
  File "/opt/hostedtoolcache/Python/3.8.12/x64/lib/python3.8/site-packages/nbclient/util.py", line 57, in just_run
    return loop.run_until_complete(coro)
  File "/opt/hostedtoolcache/Python/3.8.12/x64/lib/python3.8/asyncio/base_events.py", line 616, in run_until_complete
    return future.result()
  File "/opt/hostedtoolcache/Python/3.8.12/x64/lib/python3.8/site-packages/nbclient/client.py", line 558, in async_execute
    await self.async_execute_cell(
  File "/opt/hostedtoolcache/Python/3.8.12/x64/lib/python3.8/site-packages/nbclient/client.py", line 862, in async_execute_cell
    self._check_raise_for_error(cell, exec_reply)
  File "/opt/hostedtoolcache/Python/3.8.12/x64/lib/python3.8/site-packages/nbclient/client.py", line 765, in _check_raise_for_error
    raise CellExecutionError.from_cell_and_msg(cell, exec_reply_content)
nbclient.exceptions.CellExecutionError: An error occurred while executing the following cell:
------------------
import pandas as pd
import tensorflow as tf
# from tensorflow.keras.utils import get_file

try:
    path = tf.keras.utils.get_file('kddcup.data_10_percent.gz', origin=
    'http://kdd.ics.uci.edu/databases/kddcup99/kddcup.data_10_percent.gz')
except:
    print('Error downloading')
    raise
    
print(path) 

# This file is a CSV, just no CSV extension or headers
# Download from: http://kdd.ics.uci.edu/databases/kddcup99/kddcup99.html
df = pd.read_csv(path, header=None)

print("Read {} rows.".format(len(df)))
# df = df.sample(frac=0.1, replace=False) # Uncomment this line to 
# sample only 10% of the dataset
df.dropna(inplace=True,axis=1) # For now, just drop NA's 
# (rows with missing values)

# The CSV file has no column heads, so add them
df.columns = [
    'duration',
    'protocol_type',
    'service',
    'flag',
    'src_bytes',
    'dst_bytes',
    'land',
    'wrong_fragment',
    'urgent',
    'hot',
    'num_failed_logins',
    'logged_in',
    'num_compromised',
    'root_shell',
    'su_attempted',
    'num_root',
    'num_file_creations',
    'num_shells',
    'num_access_files',
    'num_outbound_cmds',
    'is_host_login',
    'is_guest_login',
    'count',
    'srv_count',
    'serror_rate',
    'srv_serror_rate',
    'rerror_rate',
    'srv_rerror_rate',
    'same_srv_rate',
    'diff_srv_rate',
    'srv_diff_host_rate',
    'dst_host_count',
    'dst_host_srv_count',
    'dst_host_same_srv_rate',
    'dst_host_diff_srv_rate',
    'dst_host_same_src_port_rate',
    'dst_host_srv_diff_host_rate',
    'dst_host_serror_rate',
    'dst_host_srv_serror_rate',
    'dst_host_rerror_rate',
    'dst_host_srv_rerror_rate',
    'outcome'
]

pd.set_option('display.max_columns', 5)
pd.set_option('display.max_rows', 5)
# display 5 rows
display(df[0:5])
------------------

[0;31m---------------------------------------------------------------------------[0m
[0;31mModuleNotFoundError[0m                       Traceback (most recent call last)
[0;32m/tmp/ipykernel_2104/1836288488.py[0m in [0;36m<module>[0;34m[0m
[0;32m----> 1[0;31m [0;32mimport[0m [0mpandas[0m [0;32mas[0m [0mpd[0m[0;34m[0m[0;34m[0m[0m
[0m[1;32m      2[0m [0;32mimport[0m [0mtensorflow[0m [0;32mas[0m [0mtf[0m[0;34m[0m[0;34m[0m[0m
[1;32m      3[0m [0;31m# from tensorflow.keras.utils import get_file[0m[0;34m[0m[0;34m[0m[0;34m[0m[0m
[1;32m      4[0m [0;34m[0m[0m
[1;32m      5[0m [0;32mtry[0m[0;34m:[0m[0;34m[0m[0;34m[0m[0m

[0;31mModuleNotFoundError[0m: No module named 'pandas'
ModuleNotFoundError: No module named 'pandas'

